2021-11-13 16:51:19,997 INFO OSMnx Configured OSMnx 1.1.1
2021-11-13 16:51:19,998 INFO OSMnx HTTP response caching is on
2021-11-13 16:51:20,055 INFO OSMnx Retrieved response from cache file ".temp/cache/b941e12b6c78685054ec7e279124da38f31d7b45.json"
2021-11-13 16:51:20,122 INFO OSMnx Created GeoDataFrame with 1 rows from 1 queries
2021-11-13 16:51:20,123 INFO OSMnx Constructed place geometry polygon(s) to query API
2021-11-13 16:51:20,162 INFO OSMnx Projected GeoDataFrame to +proj=utm +zone=38 +ellps=WGS84 +datum=WGS84 +units=m +no_defs +type=crs
2021-11-13 16:51:20,200 INFO OSMnx Projected GeoDataFrame to epsg:4326
2021-11-13 16:51:20,374 INFO OSMnx Projected GeoDataFrame to +proj=utm +zone=38 +ellps=WGS84 +datum=WGS84 +units=m +no_defs +type=crs
2021-11-13 16:51:21,448 INFO OSMnx Projected GeoDataFrame to epsg:4326
2021-11-13 16:51:21,468 INFO OSMnx Requesting data within polygon from API in 213 request(s)
2021-11-13 16:51:21,492 INFO OSMnx Retrieved response from cache file ".temp/cache/16357989093869baa6fbfb5133371d230fbcb062.json"
2021-11-13 16:51:21,499 INFO OSMnx Retrieved response from cache file ".temp/cache/bfcd843f61f29fc7c3a7bba49133ffc0e1052fa2.json"
2021-11-13 16:51:21,508 INFO OSMnx Retrieved response from cache file ".temp/cache/bc73038bcfbf10cca1b01d232d8fe00b602ebfc1.json"
2021-11-13 16:51:21,520 INFO OSMnx Retrieved response from cache file ".temp/cache/e6b5b887b586428318b31440d54a5dde37f6ebcb.json"
2021-11-13 16:51:21,532 INFO OSMnx Retrieved response from cache file ".temp/cache/fe3e1d61505577aa4eda5da65fc01b4eb49f9b9d.json"
2021-11-13 16:51:21,537 INFO OSMnx Retrieved response from cache file ".temp/cache/c8e14d5057473e5b1746615ce1c5ed166051b71f.json"
2021-11-13 16:51:21,541 INFO OSMnx Retrieved response from cache file ".temp/cache/46350ac98e3aaf2b1b2be34c65748422bda96ee9.json"
2021-11-13 16:51:21,548 INFO OSMnx Retrieved response from cache file ".temp/cache/443b688efb9c093249c5f4b62f19f6b888cd736a.json"
2021-11-13 16:51:21,560 INFO OSMnx Retrieved response from cache file ".temp/cache/91c357c06f3d6288cd15487b3739d07d01f4a536.json"
2021-11-13 16:51:21,575 INFO OSMnx Retrieved response from cache file ".temp/cache/a7c7d9291de4e811af8af2b4c57144cb9c26fcee.json"
2021-11-13 16:51:21,612 INFO OSMnx Retrieved response from cache file ".temp/cache/a5de1ad84d179e43f337200c332099d63cb3936e.json"
2021-11-13 16:51:21,630 INFO OSMnx Retrieved response from cache file ".temp/cache/766d0265e9a8262424abd050ddf1f55bebd8e0a4.json"
2021-11-13 16:51:21,640 INFO OSMnx Retrieved response from cache file ".temp/cache/dca1670d469eb8c08032966646b961fc86473ca8.json"
2021-11-13 16:51:21,676 INFO OSMnx Retrieved response from cache file ".temp/cache/40c998f574ae3a7ba55aa856b885475f5b4cec21.json"
2021-11-13 16:51:21,711 INFO OSMnx Retrieved response from cache file ".temp/cache/951324d588fe16949cedb0fdf0e4fe08a37c4b3b.json"
2021-11-13 16:51:21,733 INFO OSMnx Retrieved response from cache file ".temp/cache/022bcb1f60b5d4500c00a77929550769ce657217.json"
2021-11-13 16:51:21,748 INFO OSMnx Retrieved response from cache file ".temp/cache/a5638d4b15fde39833bfbae7ddb1c2c9f41ccf4e.json"
2021-11-13 16:51:21,757 INFO OSMnx Retrieved response from cache file ".temp/cache/ae605e713fa01a0825e0f4e7424346b9e0cb2316.json"
2021-11-13 16:51:21,762 INFO OSMnx Retrieved response from cache file ".temp/cache/ce522cff01550ca021dfd01f7366348b48893c9f.json"
2021-11-13 16:51:21,768 INFO OSMnx Retrieved response from cache file ".temp/cache/b761237da1f687735eff5e219b3fb0a4b6250411.json"
2021-11-13 16:51:21,774 INFO OSMnx Retrieved response from cache file ".temp/cache/448bab91b7f84034f8d1cfb1842691660d4174af.json"
2021-11-13 16:51:21,793 INFO OSMnx Retrieved response from cache file ".temp/cache/f892c94c0dc2f8c3a6cb6ea92c8e721a22c9f341.json"
2021-11-13 16:51:21,829 INFO OSMnx Retrieved response from cache file ".temp/cache/598506632306aca0dafe0e99534b8f124bed3109.json"
2021-11-13 16:51:21,911 INFO OSMnx Retrieved response from cache file ".temp/cache/8d440094ebc2ce2b7499987dc55b2eebbdd32367.json"
2021-11-13 16:51:21,940 INFO OSMnx Retrieved response from cache file ".temp/cache/90c0bcd4510698e3d3b515a5637d92374cbce3fa.json"
2021-11-13 16:51:21,951 INFO OSMnx Retrieved response from cache file ".temp/cache/8be91cf9b54f45113a7a47b02561d15f9159e856.json"
2021-11-13 16:51:21,964 INFO OSMnx Retrieved response from cache file ".temp/cache/24a8a3b5fdad9f33dded6ac9842389e571734a8b.json"
2021-11-13 16:51:21,973 INFO OSMnx Retrieved response from cache file ".temp/cache/150613c60ce9947fbe637f55e69c868c9cefdd18.json"
2021-11-13 16:51:21,991 INFO OSMnx Retrieved response from cache file ".temp/cache/69af6ffdb2d71918b1b9e0c47477f8c2a5f81ff6.json"
2021-11-13 16:51:22,004 INFO OSMnx Retrieved response from cache file ".temp/cache/dcc2445a06f48a9712e6538a0776ee1d1a616f5d.json"
2021-11-13 16:51:22,009 INFO OSMnx Retrieved response from cache file ".temp/cache/72c0cca4f86b6705814a615eddadb1280f4b2b67.json"
2021-11-13 16:51:22,020 INFO OSMnx Retrieved response from cache file ".temp/cache/9e6647bb3947ee93a5044472c51bcba9ea6fa098.json"
2021-11-13 16:51:22,044 INFO OSMnx Retrieved response from cache file ".temp/cache/0cebc92fdfc1f6d8349e3311d8239a8ac8cdef4f.json"
2021-11-13 16:51:22,056 INFO OSMnx Retrieved response from cache file ".temp/cache/b969d96f48c4f1c0e68271e6c52896ec94931371.json"
2021-11-13 16:51:22,063 INFO OSMnx Retrieved response from cache file ".temp/cache/a603b42f100b61e83391b88fc157e6b8e4218e2b.json"
2021-11-13 16:51:22,073 INFO OSMnx Retrieved response from cache file ".temp/cache/d87b43acfbb519edb031efaba4ba10cbbfa015d5.json"
2021-11-13 16:51:22,076 INFO OSMnx Retrieved response from cache file ".temp/cache/4e421f8e9b1cb8e2d6c2f10b5c791dc80415c672.json"
2021-11-13 16:51:22,079 INFO OSMnx Retrieved response from cache file ".temp/cache/b42701a0513deea6ec927551252431f4abf0b33b.json"
2021-11-13 16:51:22,082 INFO OSMnx Retrieved response from cache file ".temp/cache/6b1aa08231c77c3c3aacb0315ddb77a50c3f72e8.json"
2021-11-13 16:51:22,091 INFO OSMnx Retrieved response from cache file ".temp/cache/a84e79f131a5599c17efa0e6af1c7e1995bb6dc4.json"
2021-11-13 16:51:22,123 INFO OSMnx Retrieved response from cache file ".temp/cache/ee7c5cbe366910fc258e0619130824be74430a6e.json"
2021-11-13 16:51:22,178 INFO OSMnx Retrieved response from cache file ".temp/cache/d9b8b1d727464e4df52bf5af150013c874248956.json"
2021-11-13 16:51:22,215 INFO OSMnx Retrieved response from cache file ".temp/cache/6258cfb0e673667e5d4b6cad87ddcfa172e79d07.json"
2021-11-13 16:51:22,442 INFO OSMnx Retrieved response from cache file ".temp/cache/1d57ad15e6eec69f87a15143595e4b941cd8e3fb.json"
2021-11-13 16:51:22,487 INFO OSMnx Retrieved response from cache file ".temp/cache/d732eb327f5006d29f00b79c3c5cb754d389a15d.json"
2021-11-13 16:51:22,515 INFO OSMnx Retrieved response from cache file ".temp/cache/dfe7a3cc2ee86bb429ff7e80fb4066bc7fb73059.json"
2021-11-13 16:51:22,539 INFO OSMnx Retrieved response from cache file ".temp/cache/e09632e4a9ea5d6a1e4f8d6c7285e21059131d18.json"
2021-11-13 16:51:22,543 INFO OSMnx Retrieved response from cache file ".temp/cache/f7a9fcc0cdc7d0ae251aaefa46256a427d02beaf.json"
2021-11-13 16:51:22,550 INFO OSMnx Retrieved response from cache file ".temp/cache/2c3f0f2463df659fb4832a05717807261d4f13c8.json"
2021-11-13 16:51:22,566 INFO OSMnx Retrieved response from cache file ".temp/cache/e71aac8a41852f03513b9e28bb274ebe45a9ae19.json"
2021-11-13 16:51:22,584 INFO OSMnx Retrieved response from cache file ".temp/cache/62bc23b216070e2b96604dd9dcd953b1ecb69a31.json"
2021-11-13 16:51:22,601 INFO OSMnx Retrieved response from cache file ".temp/cache/934acfadc2d87cedfdbc13cba4ee313825a4e10a.json"
2021-11-13 16:51:22,607 INFO OSMnx Retrieved response from cache file ".temp/cache/75d19cbebdc7b1420c1e6fec498fa159a4c8fd39.json"
2021-11-13 16:51:22,618 INFO OSMnx Retrieved response from cache file ".temp/cache/4cdd2ed0891de926f4b861f7e88d7ab5b301c564.json"
2021-11-13 16:51:22,634 INFO OSMnx Retrieved response from cache file ".temp/cache/310940a7658854a5e87a65547b0a89f99777c544.json"
2021-11-13 16:51:22,636 INFO OSMnx Retrieved response from cache file ".temp/cache/854793047c6b370159e6e0f5f5607b8092eada12.json"
2021-11-13 16:51:22,639 INFO OSMnx Retrieved response from cache file ".temp/cache/5cf7404e1f8208a3e45edc8de3717e62ab0142ec.json"
2021-11-13 16:51:22,643 INFO OSMnx Retrieved response from cache file ".temp/cache/b0e2bb2ef6b2c08d0da154b656289f3edda8463d.json"
2021-11-13 16:51:22,653 INFO OSMnx Retrieved response from cache file ".temp/cache/3ed44bb5691f41d8aa2a3c38051983cea330b53e.json"
2021-11-13 16:51:22,667 INFO OSMnx Retrieved response from cache file ".temp/cache/b2561e1497d1724cdb3b492a65d7e984ea8ca716.json"
2021-11-13 16:51:22,695 INFO OSMnx Retrieved response from cache file ".temp/cache/90d46e908bf18fa7d6bcca14bc6c1701dfb2b4e6.json"
2021-11-13 16:51:24,140 INFO OSMnx Retrieved response from cache file ".temp/cache/29708da7c0ece53b2aed0abc7fed362f67867b97.json"
2021-11-13 16:51:24,294 INFO OSMnx Retrieved response from cache file ".temp/cache/3c0c6215d56bed4235822ed0f8ebb9866383ccdc.json"
2021-11-13 16:51:24,313 INFO OSMnx Retrieved response from cache file ".temp/cache/92150409c98fe0b5fb8ec3a471c7cfb201b44f03.json"
2021-11-13 16:51:24,355 INFO OSMnx Retrieved response from cache file ".temp/cache/fa94802dfa1617ba7f264f4f1e10d29e10e4fdc2.json"
2021-11-13 16:51:24,363 INFO OSMnx Retrieved response from cache file ".temp/cache/167c2e7c269946c62305b8179b1281a8265bc75f.json"
2021-11-13 16:51:24,369 INFO OSMnx Retrieved response from cache file ".temp/cache/40850c2f76628829c4cacafe4dcb37cde688efb2.json"
2021-11-13 16:51:24,394 INFO OSMnx Retrieved response from cache file ".temp/cache/65a6820a0f7e11fb9ae3d255dbb295c705c90f9a.json"
2021-11-13 16:51:24,412 INFO OSMnx Retrieved response from cache file ".temp/cache/6205aa42d5c661e2008c8a96171589ac5b60a45c.json"
2021-11-13 16:51:24,414 INFO OSMnx Retrieved response from cache file ".temp/cache/e3d5081349e05db975e077e0ef9499493d12ca8e.json"
2021-11-13 16:51:24,415 INFO OSMnx Retrieved response from cache file ".temp/cache/d4d6da56575b3e03ecb23414fc34183f50195342.json"
2021-11-13 16:51:24,418 INFO OSMnx Retrieved response from cache file ".temp/cache/995ab1fd9c6ed9707c11dbc628aada4d11dac22b.json"
2021-11-13 16:51:24,420 INFO OSMnx Retrieved response from cache file ".temp/cache/e198031462e692b336374286389e2d3338f29881.json"
2021-11-13 16:51:24,434 INFO OSMnx Retrieved response from cache file ".temp/cache/c35aade6ce360d9ab2fbc7392ef6f88d13145806.json"
2021-11-13 16:51:24,441 INFO OSMnx Retrieved response from cache file ".temp/cache/6e91d07003cf2ca0e32387f76b42e805910ebe85.json"
2021-11-13 16:51:24,443 INFO OSMnx Retrieved response from cache file ".temp/cache/f286a93b157b687dd5dce37436d12b657245078d.json"
2021-11-13 16:51:24,460 INFO OSMnx Retrieved response from cache file ".temp/cache/a1d01473b5c8372ced89ddb6743f790b0da6249c.json"
2021-11-13 16:51:24,958 INFO OSMnx Retrieved response from cache file ".temp/cache/7ad8025b7368975ffd92d66ca6fce43c1653e08d.json"
2021-11-13 16:51:24,979 INFO OSMnx Retrieved response from cache file ".temp/cache/63a7cb5f0f839479dea78a686e77b3f6fedaa6de.json"
2021-11-13 16:51:25,083 INFO OSMnx Retrieved response from cache file ".temp/cache/6fb6bf70e9f4e4896a5b7c415aab68e785071435.json"
2021-11-13 16:51:25,126 INFO OSMnx Retrieved response from cache file ".temp/cache/b3edc3d717734747bd00ef42b7fb24c0a4478e77.json"
2021-11-13 16:51:25,142 INFO OSMnx Retrieved response from cache file ".temp/cache/bd2bb334b5a5d95f0a381333472126d70f7ac405.json"
2021-11-13 16:51:25,158 INFO OSMnx Retrieved response from cache file ".temp/cache/4f067a272d96ac28a56c9280788dec1a4f3447dd.json"
2021-11-13 16:51:25,160 INFO OSMnx Retrieved response from cache file ".temp/cache/86658c6fc38c73876670df5d264c9330d431a9d7.json"
2021-11-13 16:51:25,169 INFO OSMnx Retrieved response from cache file ".temp/cache/5fef0ea2e43ab205010ffef5dd0943bf48cf586a.json"
2021-11-13 16:51:25,174 INFO OSMnx Retrieved response from cache file ".temp/cache/8c7662b5858f84c6241b3e2750576a1343c89aae.json"
2021-11-13 16:51:25,177 INFO OSMnx Retrieved response from cache file ".temp/cache/1b765ea64f2bd8ab303c2ec0dd85dc868485dda9.json"
2021-11-13 16:51:25,179 INFO OSMnx Retrieved response from cache file ".temp/cache/8e20de13a3d9b50413c219153bddc1e5f59be9cc.json"
2021-11-13 16:51:25,181 INFO OSMnx Retrieved response from cache file ".temp/cache/048af044561f756fce39a9709027cd5248f9e2d0.json"
2021-11-13 16:51:25,197 INFO OSMnx Retrieved response from cache file ".temp/cache/5a8ec7c0337821a5505574bac042fc57b382709c.json"
2021-11-13 16:51:25,199 INFO OSMnx Retrieved response from cache file ".temp/cache/407e4f69d71fae8feda3591db2a28b5a24d4bdd4.json"
2021-11-13 16:51:25,201 INFO OSMnx Retrieved response from cache file ".temp/cache/a5c22acd3a76ae63bb202cde3c210cb4903c365f.json"
2021-11-13 16:51:25,204 INFO OSMnx Retrieved response from cache file ".temp/cache/fcbcd39f09b1ef0da9e68a2e12ee95730ab50e1f.json"
2021-11-13 16:51:25,209 INFO OSMnx Retrieved response from cache file ".temp/cache/4841ccd7b06418fa02943369b163d3e52de1fb2f.json"
2021-11-13 16:51:25,227 INFO OSMnx Retrieved response from cache file ".temp/cache/27833974b3bec33b38b51227a315d0a5a06ba1fb.json"
2021-11-13 16:51:25,233 INFO OSMnx Retrieved response from cache file ".temp/cache/d996588a04f18b8cab9e6f26eeb74977b4f03d53.json"
2021-11-13 16:51:25,273 INFO OSMnx Retrieved response from cache file ".temp/cache/a68c1255214137f331ada6762f5fa75591ca5a4c.json"
2021-11-13 16:51:25,292 INFO OSMnx Retrieved response from cache file ".temp/cache/a80613444fe24a9b1b55c954efc8cb4aca325fc3.json"
2021-11-13 16:51:25,307 INFO OSMnx Retrieved response from cache file ".temp/cache/23b197a5744c31b11d0d9221121f39a5566d5d58.json"
2021-11-13 16:51:25,315 INFO OSMnx Retrieved response from cache file ".temp/cache/6d4599054a8a36b5c64aaad301dde1329ca11fad.json"
2021-11-13 16:51:25,323 INFO OSMnx Retrieved response from cache file ".temp/cache/f93ba90f31a66e7a4afe410b384a7209d0ae2fdd.json"
2021-11-13 16:51:25,325 INFO OSMnx Retrieved response from cache file ".temp/cache/c9ab42fd7641b1bcda98d610aff5a706639abf75.json"
2021-11-13 16:51:25,333 INFO OSMnx Retrieved response from cache file ".temp/cache/70c889ba2f821e2c625db4afd531c24c2f3fbedf.json"
2021-11-13 16:51:25,336 INFO OSMnx Retrieved response from cache file ".temp/cache/881880d09d2dea7e70f27066260085d2da2056e7.json"
2021-11-13 16:51:25,342 INFO OSMnx Retrieved response from cache file ".temp/cache/1cce3b3dc3c69fea9162ae2c5805ce26742bf0b5.json"
2021-11-13 16:51:25,349 INFO OSMnx Retrieved response from cache file ".temp/cache/4ec240c5aadfe3c0231fec0b067d8a8d232af8d4.json"
2021-11-13 16:51:25,356 INFO OSMnx Retrieved response from cache file ".temp/cache/d710af80226c69ee104a9ec1b5e62b3f81c3ab25.json"
2021-11-13 16:51:25,362 INFO OSMnx Retrieved response from cache file ".temp/cache/1645b2580674b125bb92db8831787a797741bc1c.json"
2021-11-13 16:51:25,366 INFO OSMnx Retrieved response from cache file ".temp/cache/716025023f20235f2b9e9dde8f2e3b2f14563205.json"
2021-11-13 16:51:25,374 INFO OSMnx Retrieved response from cache file ".temp/cache/ade3f9a29bb8209692a6f9b56c4aea0a8bb86d1a.json"
2021-11-13 16:51:25,377 INFO OSMnx Retrieved response from cache file ".temp/cache/f10dce1963894880d42112d6f9c6a17ad49e01b3.json"
2021-11-13 16:51:25,386 INFO OSMnx Retrieved response from cache file ".temp/cache/6b53b7bb668975332ac30b29673e2c34dfb5ece0.json"
2021-11-13 16:51:25,395 INFO OSMnx Retrieved response from cache file ".temp/cache/f6657b29b2d49bb186713c88381653251c6d1692.json"
2021-11-13 16:51:25,402 INFO OSMnx Retrieved response from cache file ".temp/cache/3cd68c5c7244c826655968415e5b8f19907ddc72.json"
2021-11-13 16:51:25,406 INFO OSMnx Retrieved response from cache file ".temp/cache/02eaa81543fb3071ae36d8e88ec95033ad49470a.json"
2021-11-13 16:51:25,416 INFO OSMnx Retrieved response from cache file ".temp/cache/32caf402d7db041a7d97725d8c194cebcbec9dd2.json"
2021-11-13 16:51:25,421 INFO OSMnx Retrieved response from cache file ".temp/cache/93c443acb28089e39c77e89eb2b08dce41abe092.json"
2021-11-13 16:51:25,429 INFO OSMnx Retrieved response from cache file ".temp/cache/7681e6333b0fa9f9fd3f28ed3d1b0464db1c032c.json"
2021-11-13 16:51:25,434 INFO OSMnx Retrieved response from cache file ".temp/cache/be3d8386cc4e56321e700d052957f9b270bbb76f.json"
2021-11-13 16:51:25,439 INFO OSMnx Retrieved response from cache file ".temp/cache/c597fe6caba96ec0dfe15ded1b9ea017013cabe3.json"
2021-11-13 16:51:25,445 INFO OSMnx Retrieved response from cache file ".temp/cache/6c1811498cf7de6cdb0529762f5b06addd01fce5.json"
2021-11-13 16:51:25,448 INFO OSMnx Retrieved response from cache file ".temp/cache/a31d10a318dada3dd49c4a44ff685283f8b61e30.json"
2021-11-13 16:51:25,455 INFO OSMnx Retrieved response from cache file ".temp/cache/1348f2f6d6daa3ce53347a6394cc39eb491aafc6.json"
2021-11-13 16:51:25,485 INFO OSMnx Retrieved response from cache file ".temp/cache/29ec3db5ba69bf60385d498b386b0519b7b092bb.json"
2021-11-13 16:51:25,505 INFO OSMnx Retrieved response from cache file ".temp/cache/33eb2407d2c09e57fd8e765da23b6d3c8e7b966c.json"
2021-11-13 16:51:25,509 INFO OSMnx Retrieved response from cache file ".temp/cache/75db182368d51432e20e70a08b07cdc4bda19930.json"
2021-11-13 16:51:25,513 INFO OSMnx Retrieved response from cache file ".temp/cache/c8cd9401b6489c4787ce00fedc61fcdc5060436c.json"
2021-11-13 16:51:25,516 INFO OSMnx Retrieved response from cache file ".temp/cache/0f73a5b7aa88173b34274f65b2531f9c771e92b9.json"
2021-11-13 16:51:25,529 INFO OSMnx Retrieved response from cache file ".temp/cache/5df1d18d541f895e231bcb035eeb6054a87b7b63.json"
2021-11-13 16:51:25,536 INFO OSMnx Retrieved response from cache file ".temp/cache/56200c1330eff9fe6c16c6640414589c536b24b1.json"
2021-11-13 16:51:25,545 INFO OSMnx Retrieved response from cache file ".temp/cache/e40aef78f5ebdffa268dafe4055246ebbff36017.json"
2021-11-13 16:51:25,555 INFO OSMnx Retrieved response from cache file ".temp/cache/f47f6b107eed9e38b47e1869fb0fe5b7c962bfda.json"
2021-11-13 16:51:25,563 INFO OSMnx Retrieved response from cache file ".temp/cache/a8f395c384b2fee321bd915e9641da2a9e0990ae.json"
2021-11-13 16:51:25,569 INFO OSMnx Retrieved response from cache file ".temp/cache/f5d7eb2c2d912aa0611b2420c42688f0a6b86ae9.json"
2021-11-13 16:51:25,582 INFO OSMnx Retrieved response from cache file ".temp/cache/31c7728c398385eb5c8027d5a24597298bb39716.json"
2021-11-13 16:51:25,591 INFO OSMnx Retrieved response from cache file ".temp/cache/3aee33dfd7f78d9a692c3089a35eeb6aec8443d7.json"
2021-11-13 16:51:25,658 INFO OSMnx Retrieved response from cache file ".temp/cache/e7c7f9079a4ba233b35b89de6cad9de12d5e7d95.json"
2021-11-13 16:51:25,699 INFO OSMnx Retrieved response from cache file ".temp/cache/33a96c8e310d479e30b82992a62821a7016d713d.json"
2021-11-13 16:51:25,755 INFO OSMnx Retrieved response from cache file ".temp/cache/756fe410557d8c04494815613667c3b600361c92.json"
2021-11-13 16:51:25,791 INFO OSMnx Retrieved response from cache file ".temp/cache/0e2cceab05c0ccfc8c1a71cda7a5a39c316500ba.json"
2021-11-13 16:51:25,794 INFO OSMnx Retrieved response from cache file ".temp/cache/b9156fdec20db410578ec9498dff0966a4f7520c.json"
2021-11-13 16:51:25,812 INFO OSMnx Retrieved response from cache file ".temp/cache/b534269349f1f78bedd7d607e6e7901ddba0975a.json"
2021-11-13 16:51:25,816 INFO OSMnx Retrieved response from cache file ".temp/cache/92ca02803aeacc91f2b513a9bc5e273afa33277a.json"
2021-11-13 16:51:25,823 INFO OSMnx Retrieved response from cache file ".temp/cache/667a0210b2506efe37554961c551a98e9fbd350c.json"
2021-11-13 16:51:25,840 INFO OSMnx Retrieved response from cache file ".temp/cache/14f1f35924b94bef923bb449a0a18701d1f32805.json"
2021-11-13 16:51:25,850 INFO OSMnx Retrieved response from cache file ".temp/cache/0667d261a50399c588761bec738362c82456b4f1.json"
2021-11-13 16:51:25,857 INFO OSMnx Retrieved response from cache file ".temp/cache/ece54a2127eda4b640cfe2ead85b598a24912c82.json"
2021-11-13 16:51:25,893 INFO OSMnx Retrieved response from cache file ".temp/cache/8d02679efdd2e63e8de334eb7b290c1d5b84d9f6.json"
2021-11-13 16:51:25,918 INFO OSMnx Retrieved response from cache file ".temp/cache/9bf75759111a77bf46fbeade2dd3c01db9835498.json"
2021-11-13 16:51:25,927 INFO OSMnx Retrieved response from cache file ".temp/cache/8502ec51cd33dab646678909303297e2e5a07790.json"
2021-11-13 16:51:25,934 INFO OSMnx Retrieved response from cache file ".temp/cache/3b5e491693f838e71d3a459284679d937dcb14a0.json"
2021-11-13 16:51:25,990 INFO OSMnx Retrieved response from cache file ".temp/cache/e0c658fbe8df025ffd86f3eae8273d64d963c2b3.json"
2021-11-13 16:51:26,003 INFO OSMnx Retrieved response from cache file ".temp/cache/273eb782622868a5cbb2074d3f865d7c13546934.json"
2021-11-13 16:51:26,035 INFO OSMnx Retrieved response from cache file ".temp/cache/27ee956649d3d8cc0ff58bd6fc0163b99fccd3d7.json"
2021-11-13 16:51:26,087 INFO OSMnx Retrieved response from cache file ".temp/cache/1781ab6faad2a1bf1e15d76262032f51dd24b84c.json"
2021-11-13 16:51:26,147 INFO OSMnx Retrieved response from cache file ".temp/cache/ffa18474db1f56bef3e8c7fcb58a781a9a9b3922.json"
2021-11-13 16:51:26,234 INFO OSMnx Retrieved response from cache file ".temp/cache/3844f28406b1e51e3b588f37ca2dd28454e251c6.json"
2021-11-13 16:51:26,266 INFO OSMnx Retrieved response from cache file ".temp/cache/b687a13967cbb5715fe0a8c839774c141c9d722c.json"
2021-11-13 16:51:26,267 INFO OSMnx Retrieved response from cache file ".temp/cache/995297f4b3f63cef2c0fa07641d2dda0911a8b0c.json"
2021-11-13 16:51:26,271 INFO OSMnx Retrieved response from cache file ".temp/cache/c8cbe177d0777d65695b511040587df80a2b6a09.json"
2021-11-13 16:51:26,273 INFO OSMnx Retrieved response from cache file ".temp/cache/4c44dced893c6bbf6de7ea5526527effbc941536.json"
2021-11-13 16:51:26,286 INFO OSMnx Retrieved response from cache file ".temp/cache/20c27b2669852d804baefcc77b1106c7ae3ef07b.json"
2021-11-13 16:51:26,296 INFO OSMnx Retrieved response from cache file ".temp/cache/55954291247b0d8b5a071bed3e8d902757c8e8ca.json"
2021-11-13 16:51:26,309 INFO OSMnx Retrieved response from cache file ".temp/cache/962c2525a63b87975ee108f598803c518ea4ae46.json"
2021-11-13 16:51:26,319 INFO OSMnx Retrieved response from cache file ".temp/cache/df01d3e46c2a0126baddb8577bdd84c4a0ffcaf4.json"
2021-11-13 16:51:26,333 INFO OSMnx Retrieved response from cache file ".temp/cache/0d0c734cb74b9580ab418d79bcab2a47a5b71803.json"
2021-11-13 16:51:26,345 INFO OSMnx Retrieved response from cache file ".temp/cache/094974ea04836c1ad7a2729958b85968fbccf95a.json"
2021-11-13 16:51:26,358 INFO OSMnx Retrieved response from cache file ".temp/cache/912e558948139d6eb96ebd5bbc86f1eaa320f182.json"
2021-11-13 16:51:26,366 INFO OSMnx Retrieved response from cache file ".temp/cache/07635f0b6a9d037ecc5f163b5bbb79c3f711fe42.json"
2021-11-13 16:51:26,381 INFO OSMnx Retrieved response from cache file ".temp/cache/26a1ce07afc021f82a877c6e89afe12086cbfab6.json"
2021-11-13 16:51:26,397 INFO OSMnx Retrieved response from cache file ".temp/cache/97e2b992e2f74cbf2c022c018252f11497f4411e.json"
2021-11-13 16:51:26,413 INFO OSMnx Retrieved response from cache file ".temp/cache/53f9f9c15414b66e50c68fba441dd020278882e4.json"
2021-11-13 16:51:26,426 INFO OSMnx Retrieved response from cache file ".temp/cache/0e7798ed8d07456a869e29c415f7d2e48e49a8e6.json"
2021-11-13 16:51:27,266 INFO OSMnx Retrieved response from cache file ".temp/cache/28328049c53b942896a44b51391d901a41ed3f29.json"
2021-11-13 16:51:27,353 INFO OSMnx Retrieved response from cache file ".temp/cache/5517bc6c5f8d1dc23b9de1fb551c89c7d68914ea.json"
2021-11-13 16:51:27,359 INFO OSMnx Retrieved response from cache file ".temp/cache/ae843e91d8b485cd0025a3235448770d3c49fb1e.json"
2021-11-13 16:51:27,361 INFO OSMnx Retrieved response from cache file ".temp/cache/46463983893a49051e10dcb3507ea2cc6d046c78.json"
2021-11-13 16:51:27,367 INFO OSMnx Retrieved response from cache file ".temp/cache/87e26df78a3a7f9460db52b23372eac5ba9d165b.json"
2021-11-13 16:51:27,369 INFO OSMnx Retrieved response from cache file ".temp/cache/45b0e9d066c4ed4d9c46ddcc1d19a87e51660ebb.json"
2021-11-13 16:51:27,374 INFO OSMnx Retrieved response from cache file ".temp/cache/fb437d0d1fcc4c59d6e760f87bb1c81ed279b48f.json"
2021-11-13 16:51:27,384 INFO OSMnx Retrieved response from cache file ".temp/cache/46839b5f25c31ba605f95141c8ea4cdaec665474.json"
2021-11-13 16:51:27,402 INFO OSMnx Retrieved response from cache file ".temp/cache/a4404bf15c9ac672ad27c55131850f335d807d53.json"
2021-11-13 16:51:27,413 INFO OSMnx Retrieved response from cache file ".temp/cache/18f4e3361331a875bf831828e3be12f6b47b9963.json"
2021-11-13 16:51:27,422 INFO OSMnx Retrieved response from cache file ".temp/cache/669003f7e6b2524242eb3afa9c9a49002290e504.json"
2021-11-13 16:51:27,435 INFO OSMnx Retrieved response from cache file ".temp/cache/e4b4c3b19b57a2f91a8ebed8b289c6f1b0d2a08c.json"
2021-11-13 16:51:27,453 INFO OSMnx Retrieved response from cache file ".temp/cache/50b5c91403c742dbc2169d6f642f09700f9cad93.json"
2021-11-13 16:51:27,468 INFO OSMnx Retrieved response from cache file ".temp/cache/b2061862abf0486f2924d734bfa55ad91057598e.json"
2021-11-13 16:51:27,523 INFO OSMnx Retrieved response from cache file ".temp/cache/beb6e67027c09f3bfe0d8b4a93cced393b2528d8.json"
2021-11-13 16:51:27,539 INFO OSMnx Retrieved response from cache file ".temp/cache/7d995300bc1fd96652e4dacc3b095d0930a64133.json"
2021-11-13 16:51:27,545 INFO OSMnx Retrieved response from cache file ".temp/cache/9f7e62c4bb95256a5be3abd9cc36789a6937e3c6.json"
2021-11-13 16:51:27,548 INFO OSMnx Retrieved response from cache file ".temp/cache/fb6039d06cb1c7595c3fabb5b700b16954e5bbbe.json"
2021-11-13 16:51:27,554 INFO OSMnx Retrieved response from cache file ".temp/cache/6a8065f23e193820f667f60768ba168987217a0e.json"
2021-11-13 16:51:27,559 INFO OSMnx Retrieved response from cache file ".temp/cache/5fc1ff2b651cef46b5685eba799cab35fe3ed590.json"
2021-11-13 16:51:27,570 INFO OSMnx Retrieved response from cache file ".temp/cache/395e235b759a6493b31e27c06bc6c5fc8af3e971.json"
2021-11-13 16:51:27,574 INFO OSMnx Retrieved response from cache file ".temp/cache/bbb2456215d5799a0afca34a5434bd8d4e20e662.json"
2021-11-13 16:51:27,600 INFO OSMnx Retrieved response from cache file ".temp/cache/5536863541def7dbf231de90d8b593de04f89026.json"
2021-11-13 16:51:27,609 INFO OSMnx Retrieved response from cache file ".temp/cache/c1e84d807c647864bf072ecbc2bbec8913eda857.json"
2021-11-13 16:51:27,629 INFO OSMnx Retrieved response from cache file ".temp/cache/414036488ee05e779670c0dc3e9ece7874a5c524.json"
2021-11-13 16:51:27,640 INFO OSMnx Retrieved response from cache file ".temp/cache/90067e8dee50405c1c9478766480168b9451b2cd.json"
2021-11-13 16:51:27,647 INFO OSMnx Retrieved response from cache file ".temp/cache/a4fa21ea7d1d7ecc03c4f75e123188306ff943f5.json"
2021-11-13 16:51:27,657 INFO OSMnx Retrieved response from cache file ".temp/cache/e31966a9774700e786a09442cb9ae83491d98c89.json"
2021-11-13 16:51:27,660 INFO OSMnx Retrieved response from cache file ".temp/cache/712f6300c8357c3df06104a992d0830473840bbf.json"
2021-11-13 16:51:27,667 INFO OSMnx Retrieved response from cache file ".temp/cache/ef31199996f45e9ce23539a8b5111b72e0f09d43.json"
2021-11-13 16:51:27,675 INFO OSMnx Retrieved response from cache file ".temp/cache/213b62f98e1345c41d5afa6979983b954db7c48a.json"
2021-11-13 16:51:27,679 INFO OSMnx Retrieved response from cache file ".temp/cache/33276f875c19a8beb4d97709c53e0aeb3e30f3d0.json"
2021-11-13 16:51:27,683 INFO OSMnx Retrieved response from cache file ".temp/cache/7dbd7aa438e0c36727f27daacd7ba98b357e8a60.json"
2021-11-13 16:51:27,691 INFO OSMnx Retrieved response from cache file ".temp/cache/404e36c57004d690ac4a6689f35f8e7e920a3a10.json"
2021-11-13 16:51:27,698 INFO OSMnx Retrieved response from cache file ".temp/cache/dd6cfdf5c34761ca7aaede4e119a6baf328367a5.json"
2021-11-13 16:51:27,700 INFO OSMnx Retrieved response from cache file ".temp/cache/1e4920a5d4b4367349bf46b29a1fec3fdd352745.json"
2021-11-13 16:51:27,707 INFO OSMnx Retrieved response from cache file ".temp/cache/16b7ea1db37a73961bc16038eaf0b6e1f79be053.json"
2021-11-13 16:51:27,716 INFO OSMnx Retrieved response from cache file ".temp/cache/d1f81f6f1ff869132bd898bf4763f15e62a3bf09.json"
2021-11-13 16:51:27,725 INFO OSMnx Retrieved response from cache file ".temp/cache/3840140709b891f20a7a923c3ccae20b6764a477.json"
2021-11-13 16:51:27,728 INFO OSMnx Retrieved response from cache file ".temp/cache/d9eabc5887ded62cedde8691ce75c5b6c7cb4981.json"
2021-11-13 16:51:27,729 INFO OSMnx Got all network data within polygon from API in 213 request(s)
2021-11-13 16:51:27,729 INFO OSMnx Creating graph from downloaded OSM data...
2021-11-13 16:52:17,534 INFO OSMnx Created graph with 968483 nodes and 1919366 edges
2021-11-13 16:52:37,081 INFO OSMnx Added length attributes to graph edges
2021-11-13 16:52:37,701 INFO OSMnx Identifying all nodes that lie outside the polygon...
2021-11-13 16:53:55,932 INFO OSMnx Created nodes GeoDataFrame from graph
2021-11-13 16:54:40,621 INFO OSMnx Created r-tree spatial index for 968483 geometries
2021-11-13 17:05:10,500 INFO OSMnx Identified 749982 geometries inside polygon
2021-11-13 17:05:55,466 INFO OSMnx Removed 218501 nodes outside polygon
2021-11-13 17:05:55,466 INFO OSMnx Truncated graph by polygon
2021-11-13 17:06:02,982 INFO OSMnx Begin topologically simplifying the graph...
2021-11-13 17:06:39,448 INFO OSMnx Identified 263491 edge endpoints
2021-11-13 17:07:50,221 INFO OSMnx Simplified graph: 749982 to 263491 nodes, 1504327 to 663045 edges
2021-11-13 17:07:52,235 INFO OSMnx Identifying all nodes that lie outside the polygon...
2021-11-13 17:08:13,319 INFO OSMnx Created nodes GeoDataFrame from graph
2021-11-13 17:08:25,622 INFO OSMnx Created r-tree spatial index for 263491 geometries
2021-11-13 17:18:46,461 INFO OSMnx Identified 263280 geometries inside polygon
2021-11-13 17:18:58,900 INFO OSMnx Removed 211 nodes outside polygon
2021-11-13 17:19:19,038 INFO OSMnx Removed 9 isolated nodes
2021-11-13 17:19:47,525 INFO OSMnx Got largest weakly connected component (260630 of 263271 total nodes)
2021-11-13 17:19:48,351 INFO OSMnx Truncated graph by polygon
2021-11-13 17:19:55,604 INFO OSMnx Counted undirected street segments incident on each node
2021-11-13 17:19:56,548 INFO OSMnx graph_from_polygon returned graph with 260630 nodes and 658148 edges
2021-11-13 17:19:58,515 INFO OSMnx graph_from_place returned graph with 260630 nodes and 658148 edges
2021-11-13 17:20:16,143 INFO OSMnx Created nodes GeoDataFrame from graph
2021-11-13 17:20:36,927 INFO OSMnx Projected GeoDataFrame to +proj=utm +zone=38 +ellps=WGS84 +datum=WGS84 +units=m +no_defs +type=crs
2021-11-13 17:22:27,641 INFO OSMnx Created edges GeoDataFrame from graph
2021-11-13 17:23:13,295 INFO OSMnx Projected GeoDataFrame to +proj=utm +zone=38 +ellps=WGS84 +datum=WGS84 +units=m +no_defs +type=crs
2021-11-13 17:23:56,213 INFO OSMnx Created graph from node/edge GeoDataFrames
2021-11-13 17:23:56,677 INFO OSMnx Projected graph with 260630 nodes and 658148 edges
2021-11-13 17:25:02,674 INFO OSMnx Created edges GeoDataFrame from graph
2021-11-13 17:26:44,965 INFO OSMnx Converted MultiDiGraph to undirected MultiGraph
2021-11-13 17:27:14,190 INFO OSMnx Created edges GeoDataFrame from graph
2021-11-13 17:27:15,949 INFO OSMnx Pausing 1 seconds before making HTTP GET request
2021-11-13 17:27:16,950 INFO OSMnx Get https://nominatim.openstreetmap.org/search?format=json&polygon_geojson=1&dedupe=0&limit=50&q=North+West%2C+Sierra+Leone with timeout=180
2021-11-13 17:27:18,872 INFO OSMnx Downloaded 0.5kB from nominatim.openstreetmap.org
2021-11-13 17:27:18,873 INFO OSMnx Saved response to cache file ".temp/cache/d05f68599cfd3b02a3d361fee59ab39714609fe0.json"
